<?xml version="1.0" encoding="UTF-8"?>
<!-- Generated by org.testng.reporters.JUnitXMLReporter -->
<testsuite ignored="2" hostname="DESKTOP-C9AATUT" failures="0" tests="1" name="Test2" time="33.475" errors="0" timestamp="2022-07-11T10:30:26 IST">
  <testcase classname="TestNG.ImplicitWait" name="testcase2" time="10.595"/>
  <testcase classname="TestNG.ImplicitWait" name="testcase3" time="0.0">
    <ignored/>
  </testcase> <!-- testcase3 -->
  <testcase classname="TestNG.ImplicitWait" name="alerthandle" time="0.0">
    <ignored/>
  </testcase> <!-- alerthandle -->
</testsuite> <!-- Test2 -->
