<?xml version="1.0" encoding="UTF-8"?>
<!-- Generated by org.testng.reporters.JUnitXMLReporter -->
<testsuite ignored="3" hostname="DESKTOP-C9AATUT" failures="0" tests="3" name="Test" time="53.703" errors="0" timestamp="2022-07-08T21:31:10 IST">
  <testcase classname="TestNG.GroupAtribute" name="verifySupport" time="3.231"/>
  <testcase classname="TestNG.GroupAtribute" name="verifyDocumentation" time="1.191"/>
  <testcase classname="TestNG.GroupAtribute" name="VerifyProjects" time="12.296"/>
  <testcase classname="TestNG.GroupAtribute" name="testcase2" time="0.0">
    <ignored/>
  </testcase> <!-- testcase2 -->
  <testcase classname="TestNG.GroupAtribute" name="logoTest" time="0.0">
    <ignored/>
  </testcase> <!-- logoTest -->
  <testcase classname="TestNG.GroupAtribute" name="Testcase1" time="0.0">
    <ignored/>
  </testcase> <!-- Testcase1 -->
</testsuite> <!-- Test -->
